~/Documents/prj/vat: sudo npm install
Password:
npm WARN deprecated kleur@2.0.2: Please upgrade to kleur@3 or migrate to 'ansi-colors' if you prefer the old syntax. Visit <https://github.com/lukeed/kleur/releases/tag/v3.0.0\> for migration path(s).

> fsevents@1.2.7 install /Users/ax/Documents/prj/vat/node_modules/fsevents
> node install

node-pre-gyp WARN Using request for node-pre-gyp https download
node-pre-gyp WARN Pre-built binaries not installable for fsevents@1.2.7 and node@10.10.0 (node-v64 ABI, unknown) (falling back to source compile with node-gyp)
node-pre-gyp WARN Hit error EACCES: permission denied, mkdir '/Users/ax/Documents/prj/vat/node_modules/fsevents/lib'
gyp ERR! configure error
gyp ERR! stack Error: EACCES: permission denied, mkdir '/Users/ax/Documents/prj/vat/node_modules/fsevents/build'
gyp ERR! System Darwin 18.2.0
gyp ERR! command "/usr/local/bin/node" "/usr/local/lib/node_modules/npm/node_modules/node-gyp/bin/node-gyp.js" "configure" "--fallback-to-build" "--module=/Users/ax/Documents/prj/vat/node_modules/fsevents/lib/binding/Release/node-v64-darwin-x64/fse.node" "--module_name=fse" "--module_path=/Users/ax/Documents/prj/vat/node_modules/fsevents/lib/binding/Release/node-v64-darwin-x64" "--napi_version=3" "--node_abi_napi=napi" "--python=python2.7"
gyp ERR! cwd /Users/ax/Documents/prj/vat/node_modules/fsevents
gyp ERR! node -v v10.10.0
gyp ERR! node-gyp -v v3.8.0
gyp ERR! not ok
node-pre-gyp ERR! build error
node-pre-gyp ERR! stack Error: Failed to execute '/usr/local/bin/node /usr/local/lib/node_modules/npm/node_modules/node-gyp/bin/node-gyp.js configure --fallback-to-build --module=/Users/ax/Documents/prj/vat/node_modules/fsevents/lib/binding/Release/node-v64-darwin-x64/fse.node --module_name=fse --module_path=/Users/ax/Documents/prj/vat/node_modules/fsevents/lib/binding/Release/node-v64-darwin-x64 --napi_version=3 --node_abi_napi=napi --python=python2.7' (1)
node-pre-gyp ERR! stack     at ChildProcess.<anonymous> (/Users/ax/Documents/prj/vat/node_modules/fsevents/node_modules/node-pre-gyp/lib/util/compile.js:83:29)
node-pre-gyp ERR! stack     at ChildProcess.emit (events.js:182:13)
node-pre-gyp ERR! stack     at maybeClose (internal/child_process.js:962:16)
node-pre-gyp ERR! stack     at Process.ChildProcess._handle.onexit (internal/child_process.js:251:5)
node-pre-gyp ERR! System Darwin 18.2.0
node-pre-gyp ERR! command "/usr/local/bin/node" "/Users/ax/Documents/prj/vat/node_modules/fsevents/node_modules/node-pre-gyp/bin/node-pre-gyp" "install" "--fallback-to-build"
node-pre-gyp ERR! cwd /Users/ax/Documents/prj/vat/node_modules/fsevents
node-pre-gyp ERR! node -v v10.10.0
node-pre-gyp ERR! node-pre-gyp -v v0.10.3
node-pre-gyp ERR! not ok
Failed to execute '/usr/local/bin/node /usr/local/lib/node_modules/npm/node_modules/node-gyp/bin/node-gyp.js configure --fallback-to-build --module=/Users/ax/Documents/prj/vat/node_modules/fsevents/lib/binding/Release/node-v64-darwin-x64/fse.node --module_name=fse --module_path=/Users/ax/Documents/prj/vat/node_modules/fsevents/lib/binding/Release/node-v64-darwin-x64 --napi_version=3 --node_abi_napi=napi --python=python2.7' (1)

> yorkie@2.0.0 install /Users/ax/Documents/prj/vat/node_modules/yorkie
> node bin/install.js

setting up Git hooks
can't find .git directory, skipping Git hooks installation

> node-sass@4.11.0 install /Users/ax/Documents/prj/vat/node_modules/node-sass
> node scripts/install.js

Unable to save binary /Users/ax/Documents/prj/vat/node_modules/node-sass/vendor/darwin-x64-64 : { Error: EACCES: permission denied, mkdir '/Users/ax/Documents/prj/vat/node_modules/node-sass/vendor'
    at Object.mkdirSync (fs.js:731:3)
    at sync (/Users/ax/Documents/prj/vat/node_modules/mkdirp/index.js:71:13)
    at Function.sync (/Users/ax/Documents/prj/vat/node_modules/mkdirp/index.js:77:24)
    at checkAndDownloadBinary (/Users/ax/Documents/prj/vat/node_modules/node-sass/scripts/install.js:114:11)
    at Object.<anonymous> (/Users/ax/Documents/prj/vat/node_modules/node-sass/scripts/install.js:157:1)
    at Module._compile (internal/modules/cjs/loader.js:689:30)
    at Object.Module._extensions..js (internal/modules/cjs/loader.js:700:10)
    at Module.load (internal/modules/cjs/loader.js:599:32)
    at tryModuleLoad (internal/modules/cjs/loader.js:538:12)
    at Function.Module._load (internal/modules/cjs/loader.js:530:3)
  errno: -13,
  syscall: 'mkdir',
  code: 'EACCES',
  path: '/Users/ax/Documents/prj/vat/node_modules/node-sass/vendor' }

> node-sass@4.11.0 postinstall /Users/ax/Documents/prj/vat/node_modules/node-sass
> node scripts/build.js

Building: /usr/local/bin/node /Users/ax/Documents/prj/vat/node_modules/node-gyp/bin/node-gyp.js rebuild --verbose --libsass_ext= --libsass_cflags= --libsass_ldflags= --libsass_library=
gyp info it worked if it ends with ok
gyp verb cli [ '/usr/local/bin/node',
gyp verb cli   '/Users/ax/Documents/prj/vat/node_modules/node-gyp/bin/node-gyp.js',
gyp verb cli   'rebuild',
gyp verb cli   '--verbose',
gyp verb cli   '--libsass_ext=',
gyp verb cli   '--libsass_cflags=',
gyp verb cli   '--libsass_ldflags=',
gyp verb cli   '--libsass_library=' ]
gyp info using node-gyp@3.8.0
gyp info using node@10.10.0 | darwin | x64
gyp verb command rebuild []
gyp verb command clean []
gyp verb clean removing "build" directory
gyp verb command configure []
gyp verb check python checking for Python executable "python2.7" in the PATH
gyp verb `which` succeeded python2.7 /usr/bin/python2.7
gyp verb check python version `/usr/bin/python2.7 -c "import sys; print "2.7.10
gyp verb check python version .%s.%s" % sys.version_info[:3];"` returned: %j
gyp verb get node dir no --target version specified, falling back to host node version: 10.10.0
gyp verb command install [ '10.10.0' ]
gyp verb install input version string "10.10.0"
gyp verb install installing version: 10.10.0
gyp verb install --ensure was passed, so won't reinstall if already installed
gyp verb install version is already installed, need to check "installVersion"
gyp verb got "installVersion" 9
gyp verb needs "installVersion" 9
gyp verb install version is good
gyp verb get node dir target node version installed: 10.10.0
gyp verb build dir attempting to create "build" dir: /Users/ax/Documents/prj/vat/node_modules/node-sass/build
gyp ERR! configure error
gyp ERR! stack Error: EACCES: permission denied, mkdir '/Users/ax/Documents/prj/vat/node_modules/node-sass/build'
gyp ERR! System Darwin 18.2.0
gyp ERR! command "/usr/local/bin/node" "/Users/ax/Documents/prj/vat/node_modules/node-gyp/bin/node-gyp.js" "rebuild" "--verbose" "--libsass_ext=" "--libsass_cflags=" "--libsass_ldflags=" "--libsass_library="
gyp ERR! cwd /Users/ax/Documents/prj/vat/node_modules/node-sass
gyp ERR! node -v v10.10.0
gyp ERR! node-gyp -v v3.8.0
gyp ERR! not ok
Build failed with error code: 1
npm WARN optional SKIPPING OPTIONAL DEPENDENCY: fsevents@1.2.7 (node_modules/fsevents):
npm WARN optional SKIPPING OPTIONAL DEPENDENCY: fsevents@1.2.7 install: `node install`
npm WARN optional SKIPPING OPTIONAL DEPENDENCY: Exit status 1

npm ERR! code ELIFECYCLE
npm ERR! errno 1
npm ERR! node-sass@4.11.0 postinstall: `node scripts/build.js`
npm ERR! Exit status 1
npm ERR!
npm ERR! Failed at the node-sass@4.11.0 postinstall script.
npm ERR! This is probably not a problem with npm. There is likely additional logging output above.

npm ERR! A complete log of this run can be found in:
npm ERR!     /Users/ax/.npm/_logs/2019-03-25T21_22_37_584Z-debug.log
~/Documents/prj/vat:
