Last login: Sun Mar 24 13:36:37 on ttys000
~/Documents/prj: cd aes
~/Documents/prj/aes: ls
CODE_OF_CONDUCT.md	README.md		package-lock.json	src			yarn.lock
Dockerfile		babel.config.js		package.json		static
LICENSE			config			public			vue.config.js
~/Documents/prj/aes: vue-cli -v
-bash: vue-cli: command not found
~/Documents/prj/aes: vue -v
Usage: vue <command> [options]

Options:
  -V, --version                              output the version number
  -h, --help                                 output usage information

Commands:
  create [options] <app-name>                create a new project powered by vue-cli-service
  add [options] <plugin> [pluginOptions]     install a plugin and invoke its generator in an already created project
  invoke [options] <plugin> [pluginOptions]  invoke the generator of a plugin in an already created project
  inspect [options] [paths...]               inspect the webpack config in a project with vue-cli-service
  serve [options] [entry]                    serve a .js or .vue file in development mode with zero config
  build [options] [entry]                    build a .js or .vue file in production mode with zero config
  ui [options]                               start and open the vue-cli ui
  init [options] <template> <app-name>       generate a project from a remote template (legacy API, requires @vue/cli-init)
  config [options] [value]                   inspect and modify the config
  upgrade [semverLevel]                      upgrade vue cli service / plugins (default semverLevel: minor)
  info                                       print debugging information about your environment

  Run vue <command> --help for detailed usage of given command.

  Unknown option -v.

~/Documents/prj/aes: vue -V
3.5.1
~/Documents/prj/aes: npm i
Unhandled rejection Error: EACCES: permission denied, open '/Users/ax/.npm/_cacache/index-v5/6e/e1/649885e40aa7ba751cc968ce6dedeecb1e3b8d805cb03be020ea8d2fab93'

Unhandled rejection Error: EACCES: permission denied, open '/Users/ax/.npm/_cacache/index-v5/4e/09/953bcf4942e22f013600d5e2775a0e29c9c674ef08532571794709317f12'

Unhandled rejection Error: EACCES: permission denied, open '/Users/ax/.npm/_cacache/index-v5/a6/ea/5630fc8b373390e8b0e9e29204398f239435e190a1007015c289ce127b81'

npm ERR! cb() never called!

npm ERR! This is an error with npm itself. Please report this error at:
npm ERR!     <https://npm.community>

npm ERR! A complete log of this run can be found in:
npm ERR!     /Users/ax/.npm/_logs/2019-03-25T20_33_39_652Z-debug.log
~/Documents/prj/aes: ls
CODE_OF_CONDUCT.md	README.md		node_modules		public			vue.config.js
Dockerfile		babel.config.js		package-lock.json	src			yarn.lock
LICENSE			config			package.json		static
~/Documents/prj/aes: npm un
up to date in 0.043s
~/Documents/prj/aes: ls
CODE_OF_CONDUCT.md	README.md		node_modules		public			vue.config.js
Dockerfile		babel.config.js		package-lock.json	src			yarn.lock
LICENSE			config			package.json		static
~/Documents/prj/aes: npm uninstall
up to date in 0.037s
~/Documents/prj/aes: ls no*
~/Documents/prj/aes: sudo npm install
Password:

> fsevents@1.2.4 install /Users/ax/Documents/prj/aes/node_modules/fsevents
> node install

[fsevents] Success: "/Users/ax/Documents/prj/aes/node_modules/fsevents/lib/binding/Release/node-v64-darwin-x64/fse.node" already installed
Pass --update-binary to reinstall or --build-from-source to recompile

> yorkie@2.0.0 install /Users/ax/Documents/prj/aes/node_modules/yorkie
> node bin/install.js

setting up Git hooks
can't find .git directory, skipping Git hooks installation

> node-sass@4.9.3 install /Users/ax/Documents/prj/aes/node_modules/node-sass
> node scripts/install.js

Unable to save binary /Users/ax/Documents/prj/aes/node_modules/node-sass/vendor/darwin-x64-64 : { Error: EACCES: permission denied, mkdir '/Users/ax/Documents/prj/aes/node_modules/node-sass/vendor'
    at Object.mkdirSync (fs.js:731:3)
    at sync (/Users/ax/Documents/prj/aes/node_modules/mkdirp/index.js:71:13)
    at Function.sync (/Users/ax/Documents/prj/aes/node_modules/mkdirp/index.js:77:24)
    at checkAndDownloadBinary (/Users/ax/Documents/prj/aes/node_modules/node-sass/scripts/install.js:114:11)
    at Object.<anonymous> (/Users/ax/Documents/prj/aes/node_modules/node-sass/scripts/install.js:157:1)
    at Module._compile (internal/modules/cjs/loader.js:689:30)
    at Object.Module._extensions..js (internal/modules/cjs/loader.js:700:10)
    at Module.load (internal/modules/cjs/loader.js:599:32)
    at tryModuleLoad (internal/modules/cjs/loader.js:538:12)
    at Function.Module._load (internal/modules/cjs/loader.js:530:3)
  errno: -13,
  syscall: 'mkdir',
  code: 'EACCES',
  path: '/Users/ax/Documents/prj/aes/node_modules/node-sass/vendor' }

> node-sass@4.9.3 postinstall /Users/ax/Documents/prj/aes/node_modules/node-sass
> node scripts/build.js

Building: /usr/local/bin/node /Users/ax/Documents/prj/aes/node_modules/node-gyp/bin/node-gyp.js rebuild --verbose --libsass_ext= --libsass_cflags= --libsass_ldflags= --libsass_library=
gyp info it worked if it ends with ok
gyp verb cli [ '/usr/local/bin/node',
gyp verb cli   '/Users/ax/Documents/prj/aes/node_modules/node-gyp/bin/node-gyp.js',
gyp verb cli   'rebuild',
gyp verb cli   '--verbose',
gyp verb cli   '--libsass_ext=',
gyp verb cli   '--libsass_cflags=',
gyp verb cli   '--libsass_ldflags=',
gyp verb cli   '--libsass_library=' ]
gyp info using node-gyp@3.8.0
gyp info using node@10.10.0 | darwin | x64
gyp verb command rebuild []
gyp verb command clean []
gyp verb clean removing "build" directory
gyp verb command configure []
gyp verb check python checking for Python executable "python2.7" in the PATH
gyp verb `which` succeeded python2.7 /usr/bin/python2.7
gyp verb check python version `/usr/bin/python2.7 -c "import sys; print "2.7.10
gyp verb check python version .%s.%s" % sys.version_info[:3];"` returned: %j
gyp verb get node dir no --target version specified, falling back to host node version: 10.10.0
gyp verb command install [ '10.10.0' ]
gyp verb install input version string "10.10.0"
gyp verb install installing version: 10.10.0
gyp verb install --ensure was passed, so won't reinstall if already installed
gyp verb install version is already installed, need to check "installVersion"
gyp verb got "installVersion" 9
gyp verb needs "installVersion" 9
gyp verb install version is good
gyp verb get node dir target node version installed: 10.10.0
gyp verb build dir attempting to create "build" dir: /Users/ax/Documents/prj/aes/node_modules/node-sass/build
gyp ERR! configure error
gyp ERR! stack Error: EACCES: permission denied, mkdir '/Users/ax/Documents/prj/aes/node_modules/node-sass/build'
gyp ERR! System Darwin 18.2.0
gyp ERR! command "/usr/local/bin/node" "/Users/ax/Documents/prj/aes/node_modules/node-gyp/bin/node-gyp.js" "rebuild" "--verbose" "--libsass_ext=" "--libsass_cflags=" "--libsass_ldflags=" "--libsass_library="
gyp ERR! cwd /Users/ax/Documents/prj/aes/node_modules/node-sass
gyp ERR! node -v v10.10.0
gyp ERR! node-gyp -v v3.8.0
gyp ERR! not ok
Build failed with error code: 1
npm ERR! code ELIFECYCLE
npm ERR! errno 1
npm ERR! node-sass@4.9.3 postinstall: `node scripts/build.js`
npm ERR! Exit status 1
npm ERR!
npm ERR! Failed at the node-sass@4.9.3 postinstall script.
npm ERR! This is probably not a problem with npm. There is likely additional logging output above.

npm ERR! A complete log of this run can be found in:
npm ERR!     /Users/ax/.npm/_logs/2019-03-25T20_35_26_616Z-debug.log
~/Documents/prj/aes: npm ls --depth=0
vuestic-admin@1.9.0 /Users/ax/Documents/prj/aes
├── @vue/cli-plugin-babel@3.0.5
├── @vue/cli-plugin-eslint@3.0.5
├── @vue/cli-service@3.0.5
├── @vue/eslint-config-standard@3.0.5
├── amcharts3@3.21.13
├── ammap3@3.21.13
├── autoprefixer@9.1.5
├── awesome-bootstrap-checkbox@1.0.0-alpha.5
├── babel-polyfill@6.26.0
├── bootstrap@4.3.1
├── UNMET PEER DEPENDENCY bulma@>=0.2
├── chalk@2.4.1
├── chart.js@2.7.2
├── connect-history-api-fallback@1.5.0
├── copy-webpack-plugin@4.5.3
├── detect-browser@3.0.1
├── element-resize-detector@1.1.14
├── epic-spinners@1.0.4
├── es6-promise@4.2.5
├── eslint-friendly-formatter@4.0.1
├── eventsource-polyfill@0.9.6
├── express@4.16.3
├── extend@3.0.2
├── extract-text-webpack-plugin@3.0.2
├── file-loader@2.0.0
├── flag-icon-css@3.2.0
├── font-awesome@4.7.0
├── gemini-scrollbar@1.5.3
├── google-maps@3.3.0
├── ionicons@3.0.0
├── kewler@1.0.8
├── leaflet-map@0.2.1
├── lint-staged@7.3.0
├── lodash@4.17.11
├── medium-editor@5.23.3
├── normalize.css@8.0.0
├── opn@5.4.0
├── optimize-css-assets-webpack-plugin@5.0.1
├── ora@3.0.0
├── UNMET PEER DEPENDENCY popper.js@^1.14.7
├── portfinder@1.0.17
├── rimraf@2.6.2
├── sass-loader@7.1.0
├── sass-resources-loader@1.3.3
├── semver@5.5.1
├── shelljs@0.8.2
├── v-tooltip@2.0.0-rc.33
├── vee-validate@2.0.9
├── vue@2.5.17
├── vue-book@0.1.0-alpha.9
├── vue-bulma-expanding@0.0.1
├── vue-chartjs@3.4.0
├── vue-color@2.7.0
├── vue-flatpickr-component@8.0.0
├── vue-router@3.0.1
├── vue-slider-component@2.7.8
├── vue-template-compiler@2.5.17
├── vue-toasted@1.1.25
├── vue-yandex-maps@0.7.15
├── vue2-circle-progress@1.2.3
├── vuetable-2@1.7.5
├── vuex@3.0.1
├── vuex-i18n@1.10.5
├── vuex-router-sync@5.0.0
└── UNMET PEER DEPENDENCY webpack@^3.1.0

npm ERR! peer dep missing: popper.js@^1.14.7, required by bootstrap@4.3.1
npm ERR! peer dep missing: webpack@^3.1.0, required by extract-text-webpack-plugin@3.0.2
npm ERR! peer dep missing: bulma@>=0.2, required by vue-bulma-expanding@0.0.1
npm ERR! peer dep missing: @babel/core@^7.0.0, required by babel-loader@8.0.4
npm ERR! peer dep missing: eslint-plugin-node@>=7.0.0, required by eslint-config-standard@12.0.0
npm ERR! peer dep missing: eslint-plugin-promise@>=4.0.0, required by eslint-config-standard@12.0.0
npm ERR! peer dep missing: eslint-plugin-standard@>=4.0.0, required by eslint-config-standard@12.0.0
npm ERR! peer dep missing: eslint@>=5.0.0, required by eslint-config-standard@12.0.0
~/Documents/prj/aes:
